Creating partitioned table partition-postgresql-1
/tmp/sql-test/file.mZl.sql
inserting  spots into 1 for 2024-02-10
deleting dataset 1
                                                                             QUERY PLAN                                                                             
--------------------------------------------------------------------------------------------------------------------------------------------------------------------
 Delete on test_bonus_spot  (cost=0.42..8.45 rows=0 width=0) (actual time=29.218..29.220 rows=0 loops=1)
   ->  Index Scan using test_bonus_spot_dataset_id_spot_time_idx on test_bonus_spot  (cost=0.42..8.45 rows=1 width=6) (actual time=0.072..8.534 rows=50001 loops=1)
         Index Cond: ((dataset_id = 1) AND ((spot_time)::date >= '2024-02-10'::date) AND ((spot_time)::date <= '2024-02-10'::date))
 Planning Time: 0.276 ms
 Execution Time: 29.285 ms
(5 rows)

                                                       QUERY PLAN                                                        
-------------------------------------------------------------------------------------------------------------------------
 Insert on test_bonus_spot  (cost=0.00..625.01 rows=0 width=0) (actual time=160.690..160.693 rows=0 loops=1)
   ->  Values Scan on "*VALUES*"  (cost=0.00..625.01 rows=50001 width=28) (actual time=0.014..30.878 rows=50001 loops=1)
 Planning Time: 38.187 ms
 Execution Time: 161.161 ms
(4 rows)

/tmp/sql-test/file.J8k.sql
inserting  spots into 1 for 2024-02-11
deleting dataset 1
                                                                             QUERY PLAN                                                                             
--------------------------------------------------------------------------------------------------------------------------------------------------------------------
 Delete on test_bonus_spot  (cost=0.42..8.45 rows=0 width=0) (actual time=26.249..26.250 rows=0 loops=1)
   ->  Index Scan using test_bonus_spot_dataset_id_spot_time_idx on test_bonus_spot  (cost=0.42..8.45 rows=1 width=6) (actual time=0.050..7.704 rows=50001 loops=1)
         Index Cond: ((dataset_id = 1) AND ((spot_time)::date >= '2024-02-11'::date) AND ((spot_time)::date <= '2024-02-11'::date))
 Planning Time: 0.337 ms
 Execution Time: 26.326 ms
(5 rows)

                                                       QUERY PLAN                                                        
-------------------------------------------------------------------------------------------------------------------------
 Insert on test_bonus_spot  (cost=0.00..625.01 rows=0 width=0) (actual time=131.838..131.840 rows=0 loops=1)
   ->  Values Scan on "*VALUES*"  (cost=0.00..625.01 rows=50001 width=28) (actual time=0.023..29.298 rows=50001 loops=1)
 Planning Time: 40.104 ms
 Execution Time: 132.328 ms
(4 rows)

/tmp/sql-test/file.dEQ.sql
inserting  spots into 1 for 2024-02-12
deleting dataset 1
                                                                             QUERY PLAN                                                                             
--------------------------------------------------------------------------------------------------------------------------------------------------------------------
 Delete on test_bonus_spot  (cost=0.42..8.45 rows=0 width=0) (actual time=25.921..25.922 rows=0 loops=1)
   ->  Index Scan using test_bonus_spot_dataset_id_spot_time_idx on test_bonus_spot  (cost=0.42..8.45 rows=1 width=6) (actual time=0.060..7.681 rows=50001 loops=1)
         Index Cond: ((dataset_id = 1) AND ((spot_time)::date >= '2024-02-12'::date) AND ((spot_time)::date <= '2024-02-12'::date))
 Planning Time: 0.478 ms
 Execution Time: 26.009 ms
(5 rows)

                                                       QUERY PLAN                                                        
-------------------------------------------------------------------------------------------------------------------------
 Insert on test_bonus_spot  (cost=0.00..625.01 rows=0 width=0) (actual time=133.325..133.326 rows=0 loops=1)
   ->  Values Scan on "*VALUES*"  (cost=0.00..625.01 rows=50001 width=28) (actual time=0.019..30.222 rows=50001 loops=1)
 Planning Time: 38.848 ms
 Execution Time: 133.887 ms
(4 rows)

/tmp/sql-test/file.NGy.sql
inserting  spots into 1 for 2024-02-13
deleting dataset 1
                                                                             QUERY PLAN                                                                             
--------------------------------------------------------------------------------------------------------------------------------------------------------------------
 Delete on test_bonus_spot  (cost=0.42..8.45 rows=0 width=0) (actual time=26.338..26.339 rows=0 loops=1)
   ->  Index Scan using test_bonus_spot_dataset_id_spot_time_idx on test_bonus_spot  (cost=0.42..8.45 rows=1 width=6) (actual time=0.065..7.797 rows=50001 loops=1)
         Index Cond: ((dataset_id = 1) AND ((spot_time)::date >= '2024-02-13'::date) AND ((spot_time)::date <= '2024-02-13'::date))
 Planning Time: 0.326 ms
 Execution Time: 26.424 ms
(5 rows)

                                                       QUERY PLAN                                                        
-------------------------------------------------------------------------------------------------------------------------
 Insert on test_bonus_spot  (cost=0.00..625.01 rows=0 width=0) (actual time=133.333..133.334 rows=0 loops=1)
   ->  Values Scan on "*VALUES*"  (cost=0.00..625.01 rows=50001 width=28) (actual time=0.015..29.352 rows=50001 loops=1)
 Planning Time: 37.950 ms
 Execution Time: 133.960 ms
(4 rows)

/tmp/sql-test/file.A56.sql
inserting  spots into 1 for 2024-02-14
deleting dataset 1
                                                                             QUERY PLAN                                                                             
--------------------------------------------------------------------------------------------------------------------------------------------------------------------
 Delete on test_bonus_spot  (cost=0.42..8.45 rows=0 width=0) (actual time=26.781..26.782 rows=0 loops=1)
   ->  Index Scan using test_bonus_spot_dataset_id_spot_time_idx on test_bonus_spot  (cost=0.42..8.45 rows=1 width=6) (actual time=0.066..7.997 rows=50001 loops=1)
         Index Cond: ((dataset_id = 1) AND ((spot_time)::date >= '2024-02-14'::date) AND ((spot_time)::date <= '2024-02-14'::date))
 Planning Time: 0.294 ms
 Execution Time: 26.878 ms
(5 rows)

                                                       QUERY PLAN                                                        
-------------------------------------------------------------------------------------------------------------------------
 Insert on test_bonus_spot  (cost=0.00..625.01 rows=0 width=0) (actual time=127.686..127.687 rows=0 loops=1)
   ->  Values Scan on "*VALUES*"  (cost=0.00..625.01 rows=50001 width=28) (actual time=0.014..29.001 rows=50001 loops=1)
 Planning Time: 37.726 ms
 Execution Time: 128.231 ms
(4 rows)

/tmp/sql-test/file.Gz7.sql
inserting  spots into 1 for 2024-02-15
deleting dataset 1
                                                                             QUERY PLAN                                                                             
--------------------------------------------------------------------------------------------------------------------------------------------------------------------
 Delete on test_bonus_spot  (cost=0.42..8.45 rows=0 width=0) (actual time=23.921..23.922 rows=0 loops=1)
   ->  Index Scan using test_bonus_spot_dataset_id_spot_time_idx on test_bonus_spot  (cost=0.42..8.45 rows=1 width=6) (actual time=0.060..7.698 rows=50001 loops=1)
         Index Cond: ((dataset_id = 1) AND ((spot_time)::date >= '2024-02-15'::date) AND ((spot_time)::date <= '2024-02-15'::date))
 Planning Time: 0.457 ms
 Execution Time: 24.026 ms
(5 rows)

                                                       QUERY PLAN                                                        
-------------------------------------------------------------------------------------------------------------------------
 Insert on test_bonus_spot  (cost=0.00..625.01 rows=0 width=0) (actual time=131.422..131.424 rows=0 loops=1)
   ->  Values Scan on "*VALUES*"  (cost=0.00..625.01 rows=50001 width=28) (actual time=0.014..30.394 rows=50001 loops=1)
 Planning Time: 40.508 ms
 Execution Time: 131.888 ms
(4 rows)

/tmp/sql-test/file.sNd.sql
inserting  spots into 1 for 2024-02-16
deleting dataset 1
                                                                             QUERY PLAN                                                                             
--------------------------------------------------------------------------------------------------------------------------------------------------------------------
 Delete on test_bonus_spot  (cost=0.42..8.45 rows=0 width=0) (actual time=24.420..24.421 rows=0 loops=1)
   ->  Index Scan using test_bonus_spot_dataset_id_spot_time_idx on test_bonus_spot  (cost=0.42..8.45 rows=1 width=6) (actual time=0.054..7.874 rows=50001 loops=1)
         Index Cond: ((dataset_id = 1) AND ((spot_time)::date >= '2024-02-16'::date) AND ((spot_time)::date <= '2024-02-16'::date))
 Planning Time: 0.296 ms
 Execution Time: 24.493 ms
(5 rows)

                                                       QUERY PLAN                                                        
-------------------------------------------------------------------------------------------------------------------------
 Insert on test_bonus_spot  (cost=0.00..625.01 rows=0 width=0) (actual time=129.048..129.049 rows=0 loops=1)
   ->  Values Scan on "*VALUES*"  (cost=0.00..625.01 rows=50001 width=28) (actual time=0.014..29.065 rows=50001 loops=1)
 Planning Time: 38.729 ms
 Execution Time: 129.566 ms
(4 rows)

/tmp/sql-test/file.3Td.sql
inserting  spots into 1 for 2024-02-17
deleting dataset 1
                                                                             QUERY PLAN                                                                             
--------------------------------------------------------------------------------------------------------------------------------------------------------------------
 Delete on test_bonus_spot  (cost=0.42..8.45 rows=0 width=0) (actual time=24.006..24.007 rows=0 loops=1)
   ->  Index Scan using test_bonus_spot_dataset_id_spot_time_idx on test_bonus_spot  (cost=0.42..8.45 rows=1 width=6) (actual time=0.065..7.703 rows=50001 loops=1)
         Index Cond: ((dataset_id = 1) AND ((spot_time)::date >= '2024-02-17'::date) AND ((spot_time)::date <= '2024-02-17'::date))
 Planning Time: 0.281 ms
 Execution Time: 24.072 ms
(5 rows)

                                                       QUERY PLAN                                                        
-------------------------------------------------------------------------------------------------------------------------
 Insert on test_bonus_spot  (cost=0.00..625.01 rows=0 width=0) (actual time=130.766..130.767 rows=0 loops=1)
   ->  Values Scan on "*VALUES*"  (cost=0.00..625.01 rows=50001 width=28) (actual time=0.014..29.480 rows=50001 loops=1)
 Planning Time: 39.139 ms
 Execution Time: 131.294 ms
(4 rows)

/tmp/sql-test/file.rgG.sql
inserting  spots into 1 for 2024-02-18
deleting dataset 1
                                                                             QUERY PLAN                                                                             
--------------------------------------------------------------------------------------------------------------------------------------------------------------------
 Delete on test_bonus_spot  (cost=0.42..8.45 rows=0 width=0) (actual time=23.746..23.746 rows=0 loops=1)
   ->  Index Scan using test_bonus_spot_dataset_id_spot_time_idx on test_bonus_spot  (cost=0.42..8.45 rows=1 width=6) (actual time=0.049..7.571 rows=50001 loops=1)
         Index Cond: ((dataset_id = 1) AND ((spot_time)::date >= '2024-02-18'::date) AND ((spot_time)::date <= '2024-02-18'::date))
 Planning Time: 0.295 ms
 Execution Time: 23.811 ms
(5 rows)

                                                       QUERY PLAN                                                        
-------------------------------------------------------------------------------------------------------------------------
 Insert on test_bonus_spot  (cost=0.00..625.01 rows=0 width=0) (actual time=138.694..138.694 rows=0 loops=1)
   ->  Values Scan on "*VALUES*"  (cost=0.00..625.01 rows=50001 width=28) (actual time=0.014..30.433 rows=50001 loops=1)
 Planning Time: 38.582 ms
 Execution Time: 139.185 ms
(4 rows)

/tmp/sql-test/file.2co.sql
inserting  spots into 1 for 2024-02-19
deleting dataset 1
                                                                             QUERY PLAN                                                                             
--------------------------------------------------------------------------------------------------------------------------------------------------------------------
 Delete on test_bonus_spot  (cost=0.42..8.45 rows=0 width=0) (actual time=23.596..23.597 rows=0 loops=1)
   ->  Index Scan using test_bonus_spot_dataset_id_spot_time_idx on test_bonus_spot  (cost=0.42..8.45 rows=1 width=6) (actual time=0.050..7.612 rows=50001 loops=1)
         Index Cond: ((dataset_id = 1) AND ((spot_time)::date >= '2024-02-19'::date) AND ((spot_time)::date <= '2024-02-19'::date))
 Planning Time: 0.316 ms
 Execution Time: 23.666 ms
(5 rows)

                                                       QUERY PLAN                                                        
-------------------------------------------------------------------------------------------------------------------------
 Insert on test_bonus_spot  (cost=0.00..625.01 rows=0 width=0) (actual time=136.896..136.898 rows=0 loops=1)
   ->  Values Scan on "*VALUES*"  (cost=0.00..625.01 rows=50001 width=28) (actual time=0.014..30.226 rows=50001 loops=1)
 Planning Time: 39.474 ms
 Execution Time: 137.394 ms
(4 rows)

/tmp/sql-test/file.ZPv.sql
inserting  spots into 1 for 2025-02-10
deleting dataset 1
                                                                            QUERY PLAN                                                                             
-------------------------------------------------------------------------------------------------------------------------------------------------------------------
 Delete on test_bonus_spot  (cost=2163.44..19305.22 rows=0 width=0) (actual time=31.932..31.935 rows=0 loops=1)
   ->  Bitmap Heap Scan on test_bonus_spot  (cost=2163.44..19305.22 rows=82746 width=6) (actual time=2.601..12.092 rows=50001 loops=1)
         Recheck Cond: ((dataset_id = 1) AND ((spot_time)::date >= '2025-02-10'::date) AND ((spot_time)::date <= '2025-02-10'::date))
         Heap Blocks: exact=742
         ->  Bitmap Index Scan on test_bonus_spot_dataset_id_spot_time_idx  (cost=0.00..2142.75 rows=82746 width=0) (actual time=2.413..2.414 rows=100002 loops=1)
               Index Cond: ((dataset_id = 1) AND ((spot_time)::date >= '2025-02-10'::date) AND ((spot_time)::date <= '2025-02-10'::date))
 Planning Time: 0.360 ms
 Execution Time: 32.025 ms
(8 rows)

                                                       QUERY PLAN                                                        
-------------------------------------------------------------------------------------------------------------------------
 Insert on test_bonus_spot  (cost=0.00..625.01 rows=0 width=0) (actual time=167.139..167.139 rows=0 loops=1)
   ->  Values Scan on "*VALUES*"  (cost=0.00..625.01 rows=50001 width=28) (actual time=0.020..31.799 rows=50001 loops=1)
 Planning Time: 43.949 ms
 Execution Time: 167.769 ms
(4 rows)

/tmp/sql-test/file.Sts.sql
inserting  spots into 1 for 2025-02-11
deleting dataset 1
                                                                            QUERY PLAN                                                                             
-------------------------------------------------------------------------------------------------------------------------------------------------------------------
 Delete on test_bonus_spot  (cost=2102.05..19581.14 rows=0 width=0) (actual time=26.327..26.328 rows=0 loops=1)
   ->  Bitmap Heap Scan on test_bonus_spot  (cost=2102.05..19581.14 rows=81382 width=6) (actual time=5.726..10.836 rows=50001 loops=1)
         Recheck Cond: ((dataset_id = 1) AND ((spot_time)::date >= '2025-02-11'::date) AND ((spot_time)::date <= '2025-02-11'::date))
         Heap Blocks: exact=738
         ->  Bitmap Index Scan on test_bonus_spot_dataset_id_spot_time_idx  (cost=0.00..2081.70 rows=81382 width=0) (actual time=2.517..2.517 rows=100002 loops=1)
               Index Cond: ((dataset_id = 1) AND ((spot_time)::date >= '2025-02-11'::date) AND ((spot_time)::date <= '2025-02-11'::date))
 Planning Time: 0.392 ms
 Execution Time: 26.453 ms
(8 rows)

                                                       QUERY PLAN                                                        
-------------------------------------------------------------------------------------------------------------------------
 Insert on test_bonus_spot  (cost=0.00..625.01 rows=0 width=0) (actual time=148.827..148.828 rows=0 loops=1)
   ->  Values Scan on "*VALUES*"  (cost=0.00..625.01 rows=50001 width=28) (actual time=0.014..35.383 rows=50001 loops=1)
 Planning Time: 44.195 ms
 Execution Time: 149.402 ms
(4 rows)

/tmp/sql-test/file.NgX.sql
inserting  spots into 1 for 2025-02-12
deleting dataset 1
                                                                            QUERY PLAN                                                                             
-------------------------------------------------------------------------------------------------------------------------------------------------------------------
 Delete on test_bonus_spot  (cost=2206.92..20168.49 rows=0 width=0) (actual time=30.090..30.091 rows=0 loops=1)
   ->  Bitmap Heap Scan on test_bonus_spot  (cost=2206.92..20168.49 rows=86470 width=6) (actual time=6.158..13.197 rows=50001 loops=1)
         Recheck Cond: ((dataset_id = 1) AND ((spot_time)::date >= '2025-02-12'::date) AND ((spot_time)::date <= '2025-02-12'::date))
         Heap Blocks: exact=736
         ->  Bitmap Index Scan on test_bonus_spot_dataset_id_spot_time_idx  (cost=0.00..2185.30 rows=86470 width=0) (actual time=2.226..2.226 rows=100002 loops=1)
               Index Cond: ((dataset_id = 1) AND ((spot_time)::date >= '2025-02-12'::date) AND ((spot_time)::date <= '2025-02-12'::date))
 Planning Time: 0.348 ms
 Execution Time: 30.168 ms
(8 rows)

                                                       QUERY PLAN                                                        
-------------------------------------------------------------------------------------------------------------------------
 Insert on test_bonus_spot  (cost=0.00..625.01 rows=0 width=0) (actual time=172.664..172.666 rows=0 loops=1)
   ->  Values Scan on "*VALUES*"  (cost=0.00..625.01 rows=50001 width=28) (actual time=0.015..46.704 rows=50001 loops=1)
 Planning Time: 58.484 ms
 Execution Time: 173.408 ms
(4 rows)

/tmp/sql-test/file.AeV.sql
inserting  spots into 1 for 2025-02-13
deleting dataset 1
                                                                            QUERY PLAN                                                                             
-------------------------------------------------------------------------------------------------------------------------------------------------------------------
 Delete on test_bonus_spot  (cost=2223.49..20588.35 rows=0 width=0) (actual time=40.123..40.125 rows=0 loops=1)
   ->  Bitmap Heap Scan on test_bonus_spot  (cost=2223.49..20588.35 rows=88083 width=6) (actual time=8.431..18.739 rows=50001 loops=1)
         Recheck Cond: ((dataset_id = 1) AND ((spot_time)::date >= '2025-02-13'::date) AND ((spot_time)::date <= '2025-02-13'::date))
         Heap Blocks: exact=737
         ->  Bitmap Index Scan on test_bonus_spot_dataset_id_spot_time_idx  (cost=0.00..2201.47 rows=88083 width=0) (actual time=3.489..3.490 rows=100002 loops=1)
               Index Cond: ((dataset_id = 1) AND ((spot_time)::date >= '2025-02-13'::date) AND ((spot_time)::date <= '2025-02-13'::date))
 Planning Time: 0.530 ms
 Execution Time: 40.253 ms
(8 rows)

                                                       QUERY PLAN                                                        
-------------------------------------------------------------------------------------------------------------------------
 Insert on test_bonus_spot  (cost=0.00..625.01 rows=0 width=0) (actual time=211.910..211.913 rows=0 loops=1)
   ->  Values Scan on "*VALUES*"  (cost=0.00..625.01 rows=50001 width=28) (actual time=0.016..50.959 rows=50001 loops=1)
 Planning Time: 69.883 ms
 Execution Time: 212.464 ms
(4 rows)

/tmp/sql-test/file.MZ4.sql
inserting  spots into 1 for 2025-02-14
deleting dataset 1
                                                                            QUERY PLAN                                                                             
-------------------------------------------------------------------------------------------------------------------------------------------------------------------
 Delete on test_bonus_spot  (cost=2217.01..20966.68 rows=0 width=0) (actual time=31.524..31.525 rows=0 loops=1)
   ->  Bitmap Heap Scan on test_bonus_spot  (cost=2217.01..20966.68 rows=88830 width=6) (actual time=3.968..12.702 rows=50001 loops=1)
         Recheck Cond: ((dataset_id = 1) AND ((spot_time)::date >= '2025-02-14'::date) AND ((spot_time)::date <= '2025-02-14'::date))
         Heap Blocks: exact=737
         ->  Bitmap Index Scan on test_bonus_spot_dataset_id_spot_time_idx  (cost=0.00..2194.80 rows=88830 width=0) (actual time=2.799..2.800 rows=100002 loops=1)
               Index Cond: ((dataset_id = 1) AND ((spot_time)::date >= '2025-02-14'::date) AND ((spot_time)::date <= '2025-02-14'::date))
 Planning Time: 0.605 ms
 Execution Time: 31.662 ms
(8 rows)

                                                       QUERY PLAN                                                        
-------------------------------------------------------------------------------------------------------------------------
 Insert on test_bonus_spot  (cost=0.00..625.01 rows=0 width=0) (actual time=175.564..175.565 rows=0 loops=1)
   ->  Values Scan on "*VALUES*"  (cost=0.00..625.01 rows=50001 width=28) (actual time=0.019..49.372 rows=50001 loops=1)
 Planning Time: 76.678 ms
 Execution Time: 176.195 ms
(4 rows)

/tmp/sql-test/file.cCW.sql
inserting  spots into 1 for 2025-02-15
deleting dataset 1
                                                                            QUERY PLAN                                                                            
------------------------------------------------------------------------------------------------------------------------------------------------------------------
 Delete on test_bonus_spot  (cost=2173.33..21270.40 rows=0 width=0) (actual time=44.188..44.191 rows=0 loops=1)
   ->  Bitmap Heap Scan on test_bonus_spot  (cost=2173.33..21270.40 rows=87914 width=6) (actual time=2.107..16.157 rows=50001 loops=1)
         Recheck Cond: ((dataset_id = 1) AND ((spot_time)::date >= '2025-02-15'::date) AND ((spot_time)::date <= '2025-02-15'::date))
         Heap Blocks: exact=373
         ->  Bitmap Index Scan on test_bonus_spot_dataset_id_spot_time_idx  (cost=0.00..2151.35 rows=87914 width=0) (actual time=1.825..1.826 rows=50667 loops=1)
               Index Cond: ((dataset_id = 1) AND ((spot_time)::date >= '2025-02-15'::date) AND ((spot_time)::date <= '2025-02-15'::date))
 Planning Time: 0.616 ms
 Execution Time: 44.342 ms
(8 rows)

                                                       QUERY PLAN                                                        
-------------------------------------------------------------------------------------------------------------------------
 Insert on test_bonus_spot  (cost=0.00..625.01 rows=0 width=0) (actual time=208.438..208.439 rows=0 loops=1)
   ->  Values Scan on "*VALUES*"  (cost=0.00..625.01 rows=50001 width=28) (actual time=0.021..42.599 rows=50001 loops=1)
 Planning Time: 53.172 ms
 Execution Time: 209.069 ms
(4 rows)

/tmp/sql-test/file.JA4.sql
inserting  spots into 1 for 2025-02-16
deleting dataset 1
                                                                            QUERY PLAN                                                                            
------------------------------------------------------------------------------------------------------------------------------------------------------------------
 Delete on test_bonus_spot  (cost=1244.77..19416.14 rows=0 width=0) (actual time=28.699..28.701 rows=0 loops=1)
   ->  Bitmap Heap Scan on test_bonus_spot  (cost=1244.77..19416.14 rows=46772 width=6) (actual time=1.324..9.803 rows=50001 loops=1)
         Recheck Cond: ((dataset_id = 1) AND ((spot_time)::date >= '2025-02-16'::date) AND ((spot_time)::date <= '2025-02-16'::date))
         Heap Blocks: exact=369
         ->  Bitmap Index Scan on test_bonus_spot_dataset_id_spot_time_idx  (cost=0.00..1233.08 rows=46772 width=0) (actual time=1.260..1.261 rows=50001 loops=1)
               Index Cond: ((dataset_id = 1) AND ((spot_time)::date >= '2025-02-16'::date) AND ((spot_time)::date <= '2025-02-16'::date))
 Planning Time: 0.507 ms
 Execution Time: 28.810 ms
(8 rows)

                                                       QUERY PLAN                                                        
-------------------------------------------------------------------------------------------------------------------------
 Insert on test_bonus_spot  (cost=0.00..625.01 rows=0 width=0) (actual time=137.227..137.228 rows=0 loops=1)
   ->  Values Scan on "*VALUES*"  (cost=0.00..625.01 rows=50001 width=28) (actual time=0.015..30.697 rows=50001 loops=1)
 Planning Time: 45.396 ms
 Execution Time: 137.788 ms
(4 rows)

/tmp/sql-test/file.VL1.sql
inserting  spots into 1 for 2025-02-17
deleting dataset 1
                                                                            QUERY PLAN                                                                            
------------------------------------------------------------------------------------------------------------------------------------------------------------------
 Delete on test_bonus_spot  (cost=1174.69..19285.91 rows=0 width=0) (actual time=32.972..32.974 rows=0 loops=1)
   ->  Bitmap Heap Scan on test_bonus_spot  (cost=1174.69..19285.91 rows=44099 width=6) (actual time=1.311..10.413 rows=50001 loops=1)
         Recheck Cond: ((dataset_id = 1) AND ((spot_time)::date >= '2025-02-17'::date) AND ((spot_time)::date <= '2025-02-17'::date))
         Heap Blocks: exact=368
         ->  Bitmap Index Scan on test_bonus_spot_dataset_id_spot_time_idx  (cost=0.00..1163.66 rows=44099 width=0) (actual time=1.191..1.191 rows=50001 loops=1)
               Index Cond: ((dataset_id = 1) AND ((spot_time)::date >= '2025-02-17'::date) AND ((spot_time)::date <= '2025-02-17'::date))
 Planning Time: 0.322 ms
 Execution Time: 33.085 ms
(8 rows)

                                                       QUERY PLAN                                                        
-------------------------------------------------------------------------------------------------------------------------
 Insert on test_bonus_spot  (cost=0.00..625.01 rows=0 width=0) (actual time=132.545..132.546 rows=0 loops=1)
   ->  Values Scan on "*VALUES*"  (cost=0.00..625.01 rows=50001 width=28) (actual time=0.024..31.011 rows=50001 loops=1)
 Planning Time: 47.868 ms
 Execution Time: 133.067 ms
(4 rows)

/tmp/sql-test/file.ZRn.sql
inserting  spots into 1 for 2025-02-18
deleting dataset 1
                                                                            QUERY PLAN                                                                            
------------------------------------------------------------------------------------------------------------------------------------------------------------------
 Delete on test_bonus_spot  (cost=1274.56..19470.28 rows=0 width=0) (actual time=25.444..25.446 rows=0 loops=1)
   ->  Bitmap Heap Scan on test_bonus_spot  (cost=1274.56..19470.28 rows=47854 width=6) (actual time=1.157..8.207 rows=50001 loops=1)
         Recheck Cond: ((dataset_id = 1) AND ((spot_time)::date >= '2025-02-18'::date) AND ((spot_time)::date <= '2025-02-18'::date))
         Heap Blocks: exact=369
         ->  Bitmap Index Scan on test_bonus_spot_dataset_id_spot_time_idx  (cost=0.00..1262.60 rows=47854 width=0) (actual time=1.078..1.079 rows=50001 loops=1)
               Index Cond: ((dataset_id = 1) AND ((spot_time)::date >= '2025-02-18'::date) AND ((spot_time)::date <= '2025-02-18'::date))
 Planning Time: 0.327 ms
 Execution Time: 25.522 ms
(8 rows)

                                                       QUERY PLAN                                                        
-------------------------------------------------------------------------------------------------------------------------
 Insert on test_bonus_spot  (cost=0.00..625.01 rows=0 width=0) (actual time=135.490..135.490 rows=0 loops=1)
   ->  Values Scan on "*VALUES*"  (cost=0.00..625.01 rows=50001 width=28) (actual time=0.015..29.511 rows=50001 loops=1)
 Planning Time: 50.726 ms
 Execution Time: 135.986 ms
(4 rows)

/tmp/sql-test/file.QZE.sql
inserting  spots into 1 for 2025-02-19
deleting dataset 1
                                                                            QUERY PLAN                                                                            
------------------------------------------------------------------------------------------------------------------------------------------------------------------
 Delete on test_bonus_spot  (cost=1249.58..19422.39 rows=0 width=0) (actual time=23.269..23.270 rows=0 loops=1)
   ->  Bitmap Heap Scan on test_bonus_spot  (cost=1249.58..19422.39 rows=46836 width=6) (actual time=1.161..7.608 rows=50001 loops=1)
         Recheck Cond: ((dataset_id = 1) AND ((spot_time)::date >= '2025-02-19'::date) AND ((spot_time)::date <= '2025-02-19'::date))
         Heap Blocks: exact=369
         ->  Bitmap Index Scan on test_bonus_spot_dataset_id_spot_time_idx  (cost=0.00..1237.88 rows=46836 width=0) (actual time=1.071..1.071 rows=50001 loops=1)
               Index Cond: ((dataset_id = 1) AND ((spot_time)::date >= '2025-02-19'::date) AND ((spot_time)::date <= '2025-02-19'::date))
 Planning Time: 0.281 ms
 Execution Time: 23.345 ms
(8 rows)

                                                       QUERY PLAN                                                        
-------------------------------------------------------------------------------------------------------------------------
 Insert on test_bonus_spot  (cost=0.00..625.01 rows=0 width=0) (actual time=127.004..127.005 rows=0 loops=1)
   ->  Values Scan on "*VALUES*"  (cost=0.00..625.01 rows=50001 width=28) (actual time=0.014..29.416 rows=50001 loops=1)
 Planning Time: 36.450 ms
 Execution Time: 127.489 ms
(4 rows)

